[00:00:59] [Server thread/INFO]: kevin03x has made the advancement [Getting an Upgrade]
[00:01:04] [Server thread/INFO]: pollotas has made the advancement [Stone Age]
[00:03:18] [Server thread/INFO]: DoomVile[/127.120.19.195:50093] logged in with entity id 2172 at (121.5, 71.0, 103.5)
[00:03:18] [Server thread/INFO]: DoomVile joined the game
[00:03:56] [Server thread/INFO]: kevin03x has made the advancement [Monster Hunter]
[00:04:18] [Server thread/INFO]: kevin03x was shot by Skeleton
[00:05:15] [Server thread/INFO]: kevin03x was shot by Skeleton
[00:05:47] [Server thread/INFO]: kevin03x was shot by Skeleton
[00:08:08] [Server thread/INFO]: pollotas was blown up by Creeper
[00:08:39] [Server thread/INFO]: pollotas has made the advancement [Monster Hunter]
[00:09:04] [Server thread/INFO]: kevin03x has made the advancement [Acquire Hardware]
[00:11:06] [Server thread/INFO]: kevin03x has made the advancement [Not Today, Thank You]
[00:14:49] [Server thread/INFO]: DoomVile lost connection: Timed out
[00:14:49] [Server thread/INFO]: DoomVile left the game
[00:14:49] [Server thread/WARN]: handleDisconnection() called twice
[00:17:06] [Server thread/INFO]: pollotas has made the advancement [Getting an Upgrade]
[00:18:49] [Server thread/INFO]: DoomVile[/127.120.19.195:41759] logged in with entity id 6903 at (204.15845324721337, 72.0, 137.0165658830444)
[00:18:49] [Server thread/INFO]: DoomVile joined the game
[00:19:48] [Server thread/INFO]: DoomVile fell from a high place
[00:22:51] [Server thread/INFO]: DoomVile has made the advancement [Ice Bucket Challenge]
[00:25:00] [Server thread/INFO]: pollotas has made the advancement [Acquire Hardware]
[00:25:31] [Server thread/INFO]: kevin03x has made the advancement [Isn't It Iron Pick]
[00:26:04] [Server thread/INFO]: DoomVile has made the advancement [Stone Age]
[00:26:08] [Server thread/INFO]: DoomVile has made the advancement [Sweet Dreams]
[00:26:14] [Server thread/INFO]: kevin03x has made the advancement [Sweet Dreams]
[00:26:16] [Server thread/INFO]: pollotas has made the advancement [Sweet Dreams]
[00:27:05] [Server thread/INFO]: DoomVile has made the advancement [Getting an Upgrade]
[00:27:42] [Server thread/INFO]: DoomVile has made the advancement [Monster Hunter]
[00:28:26] [Server thread/INFO]: kevin03x has made the advancement [Suit Up]
[00:29:33] [Server thread/INFO]: tumbaburras25[/127.155.40.245:41037] logged in with entity id 10346 at (107.5, 75.0, 100.5)
[00:29:33] [Server thread/INFO]: tumbaburras25 joined the game
[00:30:05] [Server thread/INFO]: DoomVile has made the advancement [Acquire Hardware]
[00:31:27] [Server thread/INFO]: tumbaburras25 has made the advancement [Stone Age]
[00:31:39] [Server thread/INFO]: tumbaburras25 has made the advancement [Getting an Upgrade]
[00:31:45] [Server thread/INFO]: DoomVile has made the advancement [Not Today, Thank You]
[00:31:45] [Server thread/INFO]: kevin03x has made the advancement [Take Aim]
[00:34:20] [Server thread/INFO]: DoomVile has made the advancement [Isn't It Iron Pick]
[00:34:37] [Server thread/INFO]: pollotas lost connection: Disconnected
[00:34:37] [Server thread/INFO]: pollotas left the game
[00:37:19] [Server thread/INFO]: tumbaburras25 has made the advancement [Sweet Dreams]
[00:40:17] [Server thread/INFO]: kevin03x has made the advancement [Diamonds!]
[00:40:44] [Server thread/INFO]: tumbaburras25 has made the advancement [Acquire Hardware]
[00:40:52] [Server thread/INFO]: tumbaburras25 has made the advancement [Isn't It Iron Pick]
[00:42:36] [Server thread/INFO]: tumbaburras25 has made the advancement [Suit Up]
[00:45:27] [Server thread/INFO]: tumbaburras25 has made the advancement [Diamonds!]
[00:45:38] [Server thread/INFO]: tumbaburras25 has made the advancement [Monster Hunter]
[00:47:26] [Server thread/INFO]: tumbaburras25 has made the advancement [Cover Me with Diamonds]
[00:48:35] [Server thread/INFO]: pollotas[/127.24.95.10:60679] logged in with entity id 17504 at (619.3000000119209, 17.0, 80.27726431254017)
[00:48:35] [Server thread/INFO]: pollotas joined the game
[00:49:50] [Server thread/INFO]: kevin03x has made the advancement [Ice Bucket Challenge]
[00:51:00] [Server thread/INFO]: tumbaburras25 has made the advancement [Hot Stuff]
[00:53:00] [Server thread/INFO]: [Not Secure] <DoomVile> 565/50/-8
[00:53:18] [Server thread/INFO]: DoomVile has made the advancement [Suit Up]
[00:53:40] [Server thread/INFO]: pollotas has made the advancement [Suit Up]
[00:55:47] [Server thread/INFO]: DoomVile fell from a high place
[00:56:19] [Server thread/INFO]: tumbaburras25 has made the advancement [Not Today, Thank You]
[01:00:09] [Server thread/INFO]: DoomVile fell from a high place
[01:00:17] [Server thread/INFO]: pollotas has made the advancement [Isn't It Iron Pick]
[01:00:25] [Server thread/INFO]: pollotas has made the advancement [Diamonds!]
[01:00:45] [Server thread/INFO]: pollotas burned to death
[01:01:56] [Server thread/INFO]: pollotas was slain by Zombie
[01:03:24] [Server thread/INFO]: pollotas was slain by Zombie
[01:09:10] [Server thread/INFO]: pollotas was impaled on a stalagmite
[01:18:23] [Server thread/INFO]: [Not Secure] <kevin03x> ZZZZZZZZZZZZZZ
[01:25:00] [Server thread/INFO]: kevin03x has made the advancement [Enchanter]
[01:25:35] [Server thread/INFO]: kevin03x has made the advancement [We Need to Go Deeper]
[01:25:36] [Server thread/WARN]: Can't keep up! Is the server overloaded? Running 2808ms or 56 ticks behind
[01:25:36] [Server thread/WARN]: tumbaburras25 moved too quickly! -9.7711452819442,-1.0,-2.0586332758697097
[01:26:45] [Server thread/INFO]: tumbaburras25 has made the advancement [Enchanter]
[01:31:11] [Server thread/INFO]: [Not Secure] <pollotas> ZZZZZ
[01:36:03] [Server thread/INFO]: kevin03x has made the advancement [Stay Hydrated!]
[01:45:31] [Server thread/INFO]: pollotas has made the advancement [Not Today, Thank You]
[01:53:36] [Server thread/INFO]: pollotas fell from a high place
[01:53:51] [Server thread/INFO]: pollotas lost connection: Disconnected
[01:53:51] [Server thread/INFO]: pollotas left the game
[01:54:17] [Server thread/INFO]: tumbaburras25 has made the advancement [We Need to Go Deeper]
[02:20:02] [Server thread/INFO]: kevin03x lost connection: Disconnected
[02:20:02] [Server thread/INFO]: kevin03x left the game
[02:23:03] [Server thread/INFO]: DoomVile lost connection: Disconnected
[02:23:03] [Server thread/INFO]: DoomVile left the game
[02:23:08] [Server thread/INFO]: tumbaburras25 lost connection: Disconnected
[02:23:08] [Server thread/INFO]: tumbaburras25 left the game
[02:24:08] [Server thread/INFO]: Server empty for 60 seconds, pausing
